Using pre-set license
Built from '2020.3/china_unity/release' branch; Version is '2020.3.5f1c1 (548653c6c3de) revision 5539411'; Using compiler version '192528614'; Build Type 'Release'
OS: 'Windows 10 Pro; OS build 19041.388; Version 2004; 64bit' Language: 'zh' Physical Memory: 16316 MB
BatchMode: 1, IsHumanControllingUs: 0, StartBugReporterOnCrash: 0, Is64bit: 1, IsPro: 0

 COMMAND LINE ARGUMENTS:
E:\Unity\2020.3.5f1c1\Editor\Unity.exe
-adb2
-batchMode
-noUpm
-name
AssetImportWorker0
-projectPath
E:/GitStorege/MeshExploer
-logFile
Logs/AssetImportWorker0.log
-srvPort
10031
Successfully changed project path to: E:/GitStorege/MeshExploer
E:/GitStorege/MeshExploer
Using Asset Import Pipeline V2.
Refreshing native plugins compatible for Editor in 690.61 ms, found 0 plugins.
Preloading 0 native plugins for Editor in 0.00 ms.
Initialize engine version: 2020.3.5f1c1 (548653c6c3de)
[Subsystems] Discovering subsystems at path E:/Unity/2020.3.5f1c1/Editor/Data/Resources/UnitySubsystems
[Subsystems] Discovering subsystems at path E:/GitStorege/MeshExploer/Assets
GfxDevice: creating device client; threaded=0
Direct3D:
    Version:  Direct3D 11.0 [level 11.1]
    Renderer: NVIDIA GeForce GTX 1650 (ID=0x2188)
    Vendor:   
    VRAM:     3962 MB
    Driver:   27.21.14.5638
Initialize mono
Mono path[0] = 'E:/Unity/2020.3.5f1c1/Editor/Data/Managed'
Mono path[1] = 'E:/Unity/2020.3.5f1c1/Editor/Data/MonoBleedingEdge/lib/mono/unityjit'
Mono config path = 'E:/Unity/2020.3.5f1c1/Editor/Data/MonoBleedingEdge/etc'
Using monoOptions --debugger-agent=transport=dt_socket,embedding=1,server=y,suspend=n,address=127.0.0.1:56808
Begin MonoManager ReloadAssembly
Registering precompiled unity dll's ...
Register platform support module: E:/Unity/2020.3.5f1c1/Editor/Data/PlaybackEngines/WindowsStandaloneSupport/UnityEditor.WindowsStandalone.Extensions.dll
Registered in 0.003319 seconds.
Native extension for WindowsStandalone target not found
Refreshing native plugins compatible for Editor in 38.49 ms, found 0 plugins.
Preloading 0 native plugins for Editor in 0.00 ms.
Mono: successfully reloaded assembly
- Completed reload, in  7.816 seconds
Platform modules already initialized, skipping
Registering precompiled user dll's ...
Registered in 0.004825 seconds.
Begin MonoManager ReloadAssembly
Native extension for WindowsStandalone target not found
Refreshing native plugins compatible for Editor in 0.41 ms, found 0 plugins.
Preloading 0 native plugins for Editor in 0.00 ms.
Mono: successfully reloaded assembly
- Completed reload, in  0.865 seconds
Platform modules already initialized, skipping
========================================================================
Worker process is ready to serve import requests
Launched and connected shader compiler UnityShaderCompiler.exe after 0.20 seconds
Refreshing native plugins compatible for Editor in 0.38 ms, found 0 plugins.
Preloading 0 native plugins for Editor in 0.00 ms.
Unloading 1560 Unused Serialized files (Serialized files now loaded: 0)
System memory in use before: 71.0 MB.
System memory in use after: 71.0 MB.

Unloading 37 unused Assets to reduce memory usage. Loaded Objects now: 1987.
Total: 2.127000 ms (FindLiveObjects: 0.277600 ms CreateObjectMapping: 0.086200 ms MarkObjects: 1.690500 ms  DeleteObjects: 0.071200 ms)

========================================================================
Received Import Request.
  path: Assets/Stage6-MeshDiffuse/script/MeshDefomer.cs
  artifactKey: Guid(1fe4d6916e3dcba4b833ab73c1d1fa61) Importer(815301076,1909f56bfc062723c751e8b465ee728b)
Start importing Assets/Stage6-MeshDiffuse/script/MeshDefomer.cs using Guid(1fe4d6916e3dcba4b833ab73c1d1fa61) Importer(815301076,1909f56bfc062723c751e8b465ee728b)  -> (artifact id: 'afdcb01984e57c29b8b43e93bcc9c278') in 0.065870 seconds
  Import took 0.099450 seconds .

========================================================================
Received Import Request.
  Time since last request: 0.000979 seconds.
  path: Assets/Stage6-MeshDiffuse/script/MeshDeformeInput.cs
  artifactKey: Guid(f4c265a1e0ad58c4295e684a3e478eda) Importer(815301076,1909f56bfc062723c751e8b465ee728b)
Start importing Assets/Stage6-MeshDiffuse/script/MeshDeformeInput.cs using Guid(f4c265a1e0ad58c4295e684a3e478eda) Importer(815301076,1909f56bfc062723c751e8b465ee728b)  -> (artifact id: 'e77c2eb823252ede1a44e34d1da195f3') in 0.012213 seconds
  Import took 0.018514 seconds .

========================================================================
Received Prepare
Registering precompiled user dll's ...
Registered in 0.004719 seconds.
Begin MonoManager ReloadAssembly
Native extension for WindowsStandalone target not found
Refreshing native plugins compatible for Editor in 0.42 ms, found 0 plugins.
Preloading 0 native plugins for Editor in 0.00 ms.
Mono: successfully reloaded assembly
- Completed reload, in  0.835 seconds
Platform modules already initialized, skipping
Refreshing native plugins compatible for Editor in 0.38 ms, found 0 plugins.
Preloading 0 native plugins for Editor in 0.00 ms.
Unloading 1553 Unused Serialized files (Serialized files now loaded: 0)
System memory in use before: 70.6 MB.
System memory in use after: 70.7 MB.

Unloading 28 unused Assets to reduce memory usage. Loaded Objects now: 1990.
Total: 1.527900 ms (FindLiveObjects: 0.165500 ms CreateObjectMapping: 0.051000 ms MarkObjects: 1.291700 ms  DeleteObjects: 0.018500 ms)

AssetImportWorkerClient::OnTransportError - code=2 error=End of file
